<?xml version="1.0" encoding="UTF-8"?>
<!-- Generated by org.testng.reporters.JUnitXMLReporter -->
<testsuite ignored="2" hostname="DESKTOP-G7N76PA" failures="0" tests="1" name="Default test" time="48.153" errors="0" timestamp="2022-11-11T12:05:47 IST">
  <testcase classname="com.hrm.qa.testcases.LoginPageTest" name="loginTest" time="0.222"/>
  <testcase classname="com.hrm.qa.testcases.LoginPageTest" name="loginPageTitleTest" time="0.0">
    <ignored/>
  </testcase> <!-- loginPageTitleTest -->
  <testcase classname="com.hrm.qa.testcases.LoginPageTest" name="hrmLogoImageTest" time="0.0">
    <ignored/>
  </testcase> <!-- hrmLogoImageTest -->
</testsuite> <!-- Default test -->
