<?xml version="1.0" encoding="UTF-8"?>
<testng-results ignored="2" total="3" passed="1" failed="0" skipped="0">
  <reporter-output>
  </reporter-output>
  <suite started-at="2022-11-11T12:04:59 IST" name="Default suite" finished-at="2022-11-11T12:05:47 IST" duration-ms="48153">
    <groups>
    </groups>
    <test started-at="2022-11-11T12:04:59 IST" name="Default test" finished-at="2022-11-11T12:05:47 IST" duration-ms="48153">
      <class name="com.hrm.qa.testcases.LoginPageTest">
        <test-method is-config="true" signature="setUp()[pri:0, instance:com.hrm.qa.testcases.LoginPageTest@13fd2ccd]" started-at="2022-11-11T12:04:59 IST" name="setUp" finished-at="2022-11-11T12:05:45 IST" duration-ms="46507" status="PASS">
          <reporter-output>
          </reporter-output>
        </test-method> <!-- setUp -->
        <test-method signature="loginTest()[pri:3, instance:com.hrm.qa.testcases.LoginPageTest@13fd2ccd]" started-at="2022-11-11T12:05:45 IST" name="loginTest" finished-at="2022-11-11T12:05:45 IST" duration-ms="222" status="PASS">
          <reporter-output>
          </reporter-output>
        </test-method> <!-- loginTest -->
        <test-method is-config="true" signature="tearDown()[pri:0, instance:com.hrm.qa.testcases.LoginPageTest@13fd2ccd]" started-at="2022-11-11T12:05:45 IST" name="tearDown" finished-at="2022-11-11T12:05:47 IST" duration-ms="1379" status="PASS">
          <reporter-output>
          </reporter-output>
        </test-method> <!-- tearDown -->
      </class> <!-- com.hrm.qa.testcases.LoginPageTest -->
    </test> <!-- Default test -->
  </suite> <!-- Default suite -->
</testng-results>
